<?xml version="1.0" encoding="UTF-8"?>
<!-- Generated by org.testng.reporters.JUnitReportReporter -->
<testsuite hostname="A3864L" failures="0" tests="1" name="com.iselect.tests.VerifyLinks" time="21.843" errors="0" timestamp="2022-11-09T12:28:02 IST" skipped="0">
  <testcase classname="com.iselect.tests.VerifyLinks" name="getAllLinksAndLinkTexts" time="21.843"/>
  <system-out/>
</testsuite> <!-- com.iselect.tests.VerifyLinks -->
