<?xml version="1.0" encoding="UTF-8"?>
<!-- Generated by org.testng.reporters.JUnitReportReporter -->
<testsuite hostname="A3864L" failures="0" tests="10" name="com.iselect.rough.RoughWork" time="0.014" errors="0" timestamp="2022-10-20T18:26:47 IST" skipped="0">
  <testcase classname="com.iselect.rough.RoughWork" name="readData" time="0.006"/>
  <system-out/>
  <testcase classname="com.iselect.rough.RoughWork" name="readData" time="0.001"/>
  <system-out/>
  <testcase classname="com.iselect.rough.RoughWork" name="readData" time="0.001"/>
  <system-out/>
  <testcase classname="com.iselect.rough.RoughWork" name="readData" time="0.001"/>
  <system-out/>
  <testcase classname="com.iselect.rough.RoughWork" name="readData" time="0.000"/>
  <system-out/>
  <testcase classname="com.iselect.rough.RoughWork" name="readData" time="0.001"/>
  <system-out/>
  <testcase classname="com.iselect.rough.RoughWork" name="readData" time="0.001"/>
  <system-out/>
  <testcase classname="com.iselect.rough.RoughWork" name="readData" time="0.001"/>
  <system-out/>
  <testcase classname="com.iselect.rough.RoughWork" name="readData" time="0.001"/>
  <system-out/>
  <testcase classname="com.iselect.rough.RoughWork" name="readData" time="0.001"/>
  <system-out/>
</testsuite> <!-- com.iselect.rough.RoughWork -->
