<?xml version="1.0" encoding="UTF-8"?>
<!-- Generated by org.testng.reporters.JUnitReportReporter -->
<testsuite hostname="A3864L" failures="0" tests="1" name="com.iselect.tests.AppiumCode" time="15.418" errors="0" timestamp="2022-10-18T09:36:07 IST" skipped="0">
  <testcase classname="com.iselect.tests.AppiumCode" name="startServer" time="15.418"/>
  <system-out/>
</testsuite> <!-- com.iselect.tests.AppiumCode -->
